<?xml version="1.0" encoding="UTF-8"?>
<!-- Generated by org.testng.reporters.JUnitReportReporter -->
<testsuite hostname="LAPTOP-HSQD46T4" failures="0" tests="1" name="resman.qa.TestCases.removeUser" time="92.207" errors="0" timestamp="2022-05-16T02:42:29 IST" skipped="0">
  <testcase classname="resman.qa.TestCases.removeUser" name="navigateToUserPage" time="92.207"/>
  <system-out/>
</testsuite> <!-- resman.qa.TestCases.removeUser -->
