<?xml version="1.0" encoding="UTF-8"?>
<!-- Generated by org.testng.reporters.JUnitReportReporter -->
<testsuite hostname="LAPTOP-HSQD46T4" failures="0" tests="1" name="resman.qa.TestCases.addUser" time="67.747" errors="0" timestamp="2022-06-01T14:29:16 IST" skipped="0">
  <testcase classname="resman.qa.TestCases.addUser" name="verifyAddUser" time="67.747"/>
  <system-out/>
</testsuite> <!-- resman.qa.TestCases.addUser -->
