<?xml version="1.0" encoding="UTF-8"?>
<!-- Generated by org.testng.reporters.JUnitReportReporter -->
<testsuite hostname="LAP-0051" failures="0" tests="1" name="resman.qa.TestCases.rough" time="55.637" errors="0" timestamp="2022-05-05T00:27:57 IST" skipped="0">
  <testcase classname="resman.qa.TestCases.rough" name="testMethod" time="55.637"/>
  <system-out/>
</testsuite> <!-- resman.qa.TestCases.rough -->
