<?xml version="1.0" encoding="UTF-8"?>
<!-- Generated by org.testng.reporters.JUnitReportReporter -->
<testsuite hostname="LAPTOP-HSQD46T4" failures="0" tests="1" name="resman.qa.baseClass.configure" time="0.013" errors="0" timestamp="2022-05-10T23:44:23 IST" skipped="0">
  <testcase classname="resman.qa.baseClass.configure" name="message" time="0.013"/>
  <system-out/>
</testsuite> <!-- resman.qa.baseClass.configure -->
